This mapping 'snapshot_20171003' was designed for MC 1.12! Use at your own peril.This mapping 'snapshot_20171003' was designed for MC 1.12! Use at your own peril.

:deobfCompileDummyTask
:deobfProvidedDummyTask
:getVersionJson
:extractUserdev
:extractDependencyATs SKIPPED
:extractMcpData SKIPPED
:extractMcpMappings SKIPPED
:genSrgs SKIPPED
:downloadClient SKIPPED
:downloadServer SKIPPED
:splitServerJar SKIPPED
:mergeJars SKIPPED
:deobfMcSRG SKIPPED
:decompileMc SKIPPED
:fixMcSources SKIPPED
:applySourcePatches
:remapMcSources
:recompileMc SKIPPED
:extractNatives SKIPPED
:getAssetIndex UP-TO-DATE
:getAssets
:makeStart
:setupDecompWorkspace

BUILD SUCCESSFUL

Total time: 23.913 secs
